<?xml version="1.0" encoding="UTF-8"?>
<!-- Generated by org.testng.reporters.JUnitReportReporter -->
<testsuite name="tests.LOGINTFO1" tests="1" time="5.465" ignored="0" failures="0" timestamp="09 Oct 2019 16:24:56 GMT" skipped="0" hostname="Rikhil-PC" errors="0">
  <testcase name="testLOGINTFO1" time="5.465" classname="tests.LOGINTFO1"/>
</testsuite> <!-- tests.LOGINTFO1 -->
