<?xml version="1.0" encoding="UTF-8"?>
<!-- Generated by org.testng.reporters.JUnitReportReporter -->
<testsuite name="tests.LOGINTFO" tests="1" time="6.405" ignored="0" failures="0" timestamp="10 Oct 2019 19:12:03 GMT" skipped="0" hostname="Rikhil-PC" errors="0">
  <testcase name="testLOGINTFO" time="6.405" classname="tests.LOGINTFO"/>
</testsuite> <!-- tests.LOGINTFO -->
