<?xml version="1.0" encoding="UTF-8"?>
<!-- Generated by org.testng.reporters.JUnitReportReporter -->
<testsuite name="tests.LOGINTFO" tests="1" time="2.167" ignored="0" failures="0" timestamp="12 Oct 2019 06:39:12 GMT" skipped="0" hostname="Rikhil-PC" errors="0">
  <testcase name="testLOGINTFO" time="2.167" classname="tests.LOGINTFO"/>
</testsuite> <!-- tests.LOGINTFO -->
