<?xml version="1.0" encoding="UTF-8"?>
<!-- Generated by org.testng.reporters.JUnitReportReporter -->
<testsuite skipped="0" hostname="Rikhil-PC" name="tests.LOGINTFO" tests="1" failures="0" timestamp="09 Oct 2019 14:01:04 GMT" time="2.847" errors="0">
  <testcase name="testLOGINTFO" time="2.847" classname="tests.LOGINTFO"/>
</testsuite> <!-- tests.LOGINTFO -->
