<?xml version="1.0" encoding="UTF-8"?>
<!-- Generated by org.testng.reporters.JUnitReportReporter -->
<testsuite skipped="0" hostname="Rikhil-PC" name="tests.LOGINTFO1" tests="1" failures="0" timestamp="09 Oct 2019 14:01:04 GMT" time="5.441" errors="0">
  <testcase name="testLOGINTFO1" time="5.441" classname="tests.LOGINTFO1"/>
</testsuite> <!-- tests.LOGINTFO1 -->
